# JRE version: Java(TM) SE Runtime Environment (8.0_162-b12) (build 1.8.0_162-b12)
# Java VM: Java HotSpot(TM) 64-Bit Server VM (25.162-b12 mixed mode windows-amd64 compressed oops)
Heap:
 PSYoungGen      total 185344K, used 27596K [0x00000000eab00000, 0x00000000f8880000, 0x0000000100000000)
  eden space 161792K, 2% used [0x00000000eab00000,0x00000000eaef6cb0,0x00000000f4900000)
  from space 23552K, 99% used [0x00000000f6700000,0x00000000f7dfc350,0x00000000f7e00000)
  to   space 30720K, 0% used [0x00000000f4900000,0x00000000f4900000,0x00000000f6700000)
 ParOldGen       total 221696K, used 93448K [0x00000000c0000000, 0x00000000cd880000, 0x00000000eab00000)
  object space 221696K, 42% used [0x00000000c0000000,0x00000000c5b422e0,0x00000000cd880000)
 Metaspace       used 86763K, capacity 92954K, committed 93336K, reserved 1130496K
  class space    used 11100K, capacity 12347K, committed 12464K, reserved 1048576K
GC Heap History (10 events):
Event: 31611.181 GC heap before
{Heap before GC invocations=33 (full 3):
 PSYoungGen      total 202752K, used 202446K [0x00000000eab00000, 0x00000000f9580000, 0x0000000100000000)
  eden space 185856K, 100% used [0x00000000eab00000,0x00000000f6080000,0x00000000f6080000)
  from space 16896K, 98% used [0x00000000f6500000,0x00000000f75339e0,0x00000000f7580000)
  to   space 27136K, 0% used [0x00000000f7b00000,0x00000000f7b00000,0x00000000f9580000)
 ParOldGen       total 221696K, used 82641K [0x00000000c0000000, 0x00000000cd880000, 0x00000000eab00000)
  object space 221696K, 37% used [0x00000000c0000000,0x00000000c50b46e0,0x00000000cd880000)
 Metaspace       used 76258K, capacity 82006K, committed 82200K, reserved 1120256K
  class space    used 9913K, capacity 11043K, committed 11056K, reserved 1048576K
Event: 31611.220 GC heap after
Heap after GC invocations=33 (full 3):
 PSYoungGen      total 201728K, used 9242K [0x00000000eab00000, 0x00000000f8f00000, 0x0000000100000000)
  eden space 181248K, 0% used [0x00000000eab00000,0x00000000eab00000,0x00000000f5c00000)
  from space 20480K, 45% used [0x00000000f7b00000,0x00000000f8406990,0x00000000f8f00000)
  to   space 26112K, 0% used [0x00000000f5c00000,0x00000000f5c00000,0x00000000f7580000)
 ParOldGen       total 221696K, used 82705K [0x00000000c0000000, 0x00000000cd880000, 0x00000000eab00000)
  object space 221696K, 37% used [0x00000000c0000000,0x00000000c50c46e0,0x00000000cd880000)
 Metaspace       used 76258K, capacity 82006K, committed 82200K, reserved 1120256K
  class space    used 9913K, capacity 11043K, committed 11056K, reserved 1048576K
}
Event: 31666.214 GC heap before
{Heap before GC invocations=34 (full 3):
 PSYoungGen      total 201728K, used 190490K [0x00000000eab00000, 0x00000000f8f00000, 0x0000000100000000)
  eden space 181248K, 100% used [0x00000000eab00000,0x00000000f5c00000,0x00000000f5c00000)
  from space 20480K, 45% used [0x00000000f7b00000,0x00000000f8406990,0x00000000f8f00000)
  to   space 26112K, 0% used [0x00000000f5c00000,0x00000000f5c00000,0x00000000f7580000)
 ParOldGen       total 221696K, used 82705K [0x00000000c0000000, 0x00000000cd880000, 0x00000000eab00000)
  object space 221696K, 37% used [0x00000000c0000000,0x00000000c50c46e0,0x00000000cd880000)
 Metaspace       used 79955K, capacity 85980K, committed 86296K, reserved 1124352K
  class space    used 10283K, capacity 11478K, committed 11568K, reserved 1048576K
Event: 31666.226 GC heap after
Heap after GC invocations=34 (full 3):
 PSYoungGen      total 192000K, used 14597K [0x00000000eab00000, 0x00000000f8a00000, 0x0000000100000000)
  eden space 177152K, 0% used [0x00000000eab00000,0x00000000eab00000,0x00000000f5800000)
  from space 14848K, 98% used [0x00000000f5c00000,0x00000000f6a41458,0x00000000f6a80000)
  to   space 25600K, 0% used [0x00000000f7100000,0x00000000f7100000,0x00000000f8a00000)
 ParOldGen       total 221696K, used 82865K [0x00000000c0000000, 0x00000000cd880000, 0x00000000eab00000)
  object space 221696K, 37% used [0x00000000c0000000,0x00000000c50ec6e0,0x00000000cd880000)
 Metaspace       used 79955K, capacity 85980K, committed 86296K, reserved 1124352K
  class space    used 10283K, capacity 11478K, committed 11568K, reserved 1048576K
}
Event: 31673.284 GC heap before
{Heap before GC invocations=35 (full 3):
 PSYoungGen      total 192000K, used 191749K [0x00000000eab00000, 0x00000000f8a00000, 0x0000000100000000)
  eden space 177152K, 100% used [0x00000000eab00000,0x00000000f5800000,0x00000000f5800000)
  from space 14848K, 98% used [0x00000000f5c00000,0x00000000f6a41458,0x00000000f6a80000)
  to   space 25600K, 0% used [0x00000000f7100000,0x00000000f7100000,0x00000000f8a00000)
 ParOldGen       total 221696K, used 82865K [0x00000000c0000000, 0x00000000cd880000, 0x00000000eab00000)
  object space 221696K, 37% used [0x00000000c0000000,0x00000000c50ec6e0,0x00000000cd880000)
 Metaspace       used 80093K, capacity 86120K, committed 86296K, reserved 1124352K
  class space    used 10287K, capacity 11480K, committed 11568K, reserved 1048576K
Event: 31673.293 GC heap after
Heap after GC invocations=35 (full 3):
 PSYoungGen      total 192512K, used 12419K [0x00000000eab00000, 0x00000000f8400000, 0x0000000100000000)
  eden space 173056K, 0% used [0x00000000eab00000,0x00000000eab00000,0x00000000f5400000)
  from space 19456K, 63% used [0x00000000f7100000,0x00000000f7d20d18,0x00000000f8400000)
  to   space 24576K, 0% used [0x00000000f5400000,0x00000000f5400000,0x00000000f6c00000)
 ParOldGen       total 221696K, used 82929K [0x00000000c0000000, 0x00000000cd880000, 0x00000000eab00000)
  object space 221696K, 37% used [0x00000000c0000000,0x00000000c50fc6e0,0x00000000cd880000)
 Metaspace       used 80093K, capacity 86120K, committed 86296K, reserved 1124352K
  class space    used 10287K, capacity 11480K, committed 11568K, reserved 1048576K
}
Event: 31676.836 GC heap before
{Heap before GC invocations=36 (full 3):
 PSYoungGen      total 192512K, used 185475K [0x00000000eab00000, 0x00000000f8400000, 0x0000000100000000)
  eden space 173056K, 100% used [0x00000000eab00000,0x00000000f5400000,0x00000000f5400000)
  from space 19456K, 63% used [0x00000000f7100000,0x00000000f7d20d18,0x00000000f8400000)
  to   space 24576K, 0% used [0x00000000f5400000,0x00000000f5400000,0x00000000f6c00000)
 ParOldGen       total 221696K, used 82929K [0x00000000c0000000, 0x00000000cd880000, 0x00000000eab00000)
  object space 221696K, 37% used [0x00000000c0000000,0x00000000c50fc6e0,0x00000000cd880000)
 Metaspace       used 80130K, capacity 86120K, committed 86296K, reserved 1124352K
  class space    used 10287K, capacity 11480K, committed 11568K, reserved 1048576K
Event: 31676.847 GC heap after
Heap after GC invocations=36 (full 3):
 PSYoungGen      total 181760K, used 12715K [0x00000000eab00000, 0x00000000f7e00000, 0x0000000100000000)
  eden space 168960K, 0% used [0x00000000eab00000,0x00000000eab00000,0x00000000f5000000)
  from space 12800K, 99% used [0x00000000f5400000,0x00000000f606ad50,0x00000000f6080000)
  to   space 23552K, 0% used [0x00000000f6700000,0x00000000f6700000,0x00000000f7e00000)
 ParOldGen       total 221696K, used 82993K [0x00000000c0000000, 0x00000000cd880000, 0x00000000eab00000)
  object space 221696K, 37% used [0x00000000c0000000,0x00000000c510c6e0,0x00000000cd880000)
 Metaspace       used 80130K, capacity 86120K, committed 86296K, reserved 1124352K
  class space    used 10287K, capacity 11480K, committed 11568K, reserved 1048576K
}
Event: 31679.819 GC heap before
{Heap before GC invocations=37 (full 3):
 PSYoungGen      total 181760K, used 181675K [0x00000000eab00000, 0x00000000f7e00000, 0x0000000100000000)
  eden space 168960K, 100% used [0x00000000eab00000,0x00000000f5000000,0x00000000f5000000)
  from space 12800K, 99% used [0x00000000f5400000,0x00000000f606ad50,0x00000000f6080000)
  to   space 23552K, 0% used [0x00000000f6700000,0x00000000f6700000,0x00000000f7e00000)
 ParOldGen       total 221696K, used 82993K [0x00000000c0000000, 0x00000000cd880000, 0x00000000eab00000)
  object space 221696K, 37% used [0x00000000c0000000,0x00000000c510c6e0,0x00000000cd880000)
 Metaspace       used 86650K, capacity 92826K, committed 93080K, reserved 1130496K
  class space    used 11090K, capacity 12347K, committed 12464K, reserved 1048576K
Event: 31679.847 GC heap after
Heap after GC invocations=37 (full 3):
 PSYoungGen      total 185344K, used 23536K [0x00000000eab00000, 0x00000000f8880000, 0x0000000100000000)
  eden space 161792K, 0% used [0x00000000eab00000,0x00000000eab00000,0x00000000f4900000)
  from space 23552K, 99% used [0x00000000f6700000,0x00000000f7dfc350,0x00000000f7e00000)
  to   space 30720K, 0% used [0x00000000f4900000,0x00000000f4900000,0x00000000f6700000)
 ParOldGen       total 221696K, used 93448K [0x00000000c0000000, 0x00000000cd880000, 0x00000000eab00000)
  object space 221696K, 42% used [0x00000000c0000000,0x00000000c5b422e0,0x00000000cd880000)
 Metaspace       used 86650K, capacity 92826K, committed 93080K, reserved 1130496K
  class space    used 11090K, capacity 12347K, committed 12464K, reserved 1048576K
}

