# JRE version: Java(TM) SE Runtime Environment (8.0_162-b12) (build 1.8.0_162-b12)
# Java VM: Java HotSpot(TM) 64-Bit Server VM (25.162-b12 mixed mode windows-amd64 compressed oops)
Heap:
 PSYoungGen      total 285696K, used 235843K [0x00000000eab00000, 0x00000000fff00000, 0x0000000100000000)
  eden space 232448K, 83% used [0x00000000eab00000,0x00000000f69761d8,0x00000000f8e00000)
  from space 53248K, 76% used [0x00000000fc500000,0x00000000fecdac20,0x00000000ff900000)
  to   space 56320K, 0% used [0x00000000f8e00000,0x00000000f8e00000,0x00000000fc500000)
 ParOldGen       total 268800K, used 112964K [0x00000000c0000000, 0x00000000d0680000, 0x00000000eab00000)
  object space 268800K, 42% used [0x00000000c0000000,0x00000000c6e512d8,0x00000000d0680000)
 Metaspace       used 90799K, capacity 96228K, committed 96304K, reserved 1132544K
  class space    used 11934K, capacity 13084K, committed 13104K, reserved 1048576K
GC Heap History (10 events):
Event: 36.142 GC heap before
{Heap before GC invocations=17 (full 3):
 PSYoungGen      total 216576K, used 191335K [0x00000000eab00000, 0x00000000fb600000, 0x0000000100000000)
  eden space 179712K, 100% used [0x00000000eab00000,0x00000000f5a80000,0x00000000f5a80000)
  from space 36864K, 31% used [0x00000000f5a80000,0x00000000f65d9f18,0x00000000f7e80000)
  to   space 35840K, 0% used [0x00000000f9300000,0x00000000f9300000,0x00000000fb600000)
 ParOldGen       total 268800K, used 75030K [0x00000000c0000000, 0x00000000d0680000, 0x00000000eab00000)
  object space 268800K, 27% used [0x00000000c0000000,0x00000000c4945ae8,0x00000000d0680000)
 Metaspace       used 77488K, capacity 81000K, committed 81328K, reserved 1120256K
  class space    used 10206K, capacity 11072K, committed 11184K, reserved 1048576K
Event: 36.170 GC heap after
Heap after GC invocations=17 (full 3):
 PSYoungGen      total 233984K, used 31427K [0x00000000eab00000, 0x00000000fc080000, 0x0000000100000000)
  eden space 198144K, 0% used [0x00000000eab00000,0x00000000eab00000,0x00000000f6c80000)
  from space 35840K, 87% used [0x00000000f9300000,0x00000000fb1b0d98,0x00000000fb600000)
  to   space 39424K, 0% used [0x00000000f6c80000,0x00000000f6c80000,0x00000000f9300000)
 ParOldGen       total 268800K, used 75038K [0x00000000c0000000, 0x00000000d0680000, 0x00000000eab00000)
  object space 268800K, 27% used [0x00000000c0000000,0x00000000c4947ae8,0x00000000d0680000)
 Metaspace       used 77488K, capacity 81000K, committed 81328K, reserved 1120256K
  class space    used 10206K, capacity 11072K, committed 11184K, reserved 1048576K
}
Event: 37.554 GC heap before
{Heap before GC invocations=18 (full 3):
 PSYoungGen      total 233984K, used 229571K [0x00000000eab00000, 0x00000000fc080000, 0x0000000100000000)
  eden space 198144K, 100% used [0x00000000eab00000,0x00000000f6c80000,0x00000000f6c80000)
  from space 35840K, 87% used [0x00000000f9300000,0x00000000fb1b0d98,0x00000000fb600000)
  to   space 39424K, 0% used [0x00000000f6c80000,0x00000000f6c80000,0x00000000f9300000)
 ParOldGen       total 268800K, used 75040K [0x00000000c0000000, 0x00000000d0680000, 0x00000000eab00000)
  object space 268800K, 27% used [0x00000000c0000000,0x00000000c49482b0,0x00000000d0680000)
 Metaspace       used 86643K, capacity 91420K, committed 91696K, reserved 1128448K
  class space    used 11443K, capacity 12470K, committed 12592K, reserved 1048576K
Event: 37.569 GC heap after
Heap after GC invocations=18 (full 3):
 PSYoungGen      total 237568K, used 22338K [0x00000000eab00000, 0x00000000fd680000, 0x0000000100000000)
  eden space 198144K, 0% used [0x00000000eab00000,0x00000000eab00000,0x00000000f6c80000)
  from space 39424K, 56% used [0x00000000f6c80000,0x00000000f8250b68,0x00000000f9300000)
  to   space 38912K, 0% used [0x00000000fb080000,0x00000000fb080000,0x00000000fd680000)
 ParOldGen       total 268800K, used 75048K [0x00000000c0000000, 0x00000000d0680000, 0x00000000eab00000)
  object space 268800K, 27% used [0x00000000c0000000,0x00000000c494a2b0,0x00000000d0680000)
 Metaspace       used 86643K, capacity 91420K, committed 91696K, reserved 1128448K
  class space    used 11443K, capacity 12470K, committed 12592K, reserved 1048576K
}
Event: 41.722 GC heap before
{Heap before GC invocations=19 (full 3):
 PSYoungGen      total 237568K, used 220482K [0x00000000eab00000, 0x00000000fd680000, 0x0000000100000000)
  eden space 198144K, 100% used [0x00000000eab00000,0x00000000f6c80000,0x00000000f6c80000)
  from space 39424K, 56% used [0x00000000f6c80000,0x00000000f8250b68,0x00000000f9300000)
  to   space 38912K, 0% used [0x00000000fb080000,0x00000000fb080000,0x00000000fd680000)
 ParOldGen       total 268800K, used 75048K [0x00000000c0000000, 0x00000000d0680000, 0x00000000eab00000)
  object space 268800K, 27% used [0x00000000c0000000,0x00000000c494a2b0,0x00000000d0680000)
 Metaspace       used 87559K, capacity 92558K, committed 92848K, reserved 1130496K
  class space    used 11530K, capacity 12611K, committed 12720K, reserved 1048576K
Event: 41.769 GC heap after
Heap after GC invocations=19 (full 3):
 PSYoungGen      total 250880K, used 38903K [0x00000000eab00000, 0x00000000ff900000, 0x0000000100000000)
  eden space 211968K, 0% used [0x00000000eab00000,0x00000000eab00000,0x00000000f7a00000)
  from space 38912K, 99% used [0x00000000fb080000,0x00000000fd67dc70,0x00000000fd680000)
  to   space 55808K, 0% used [0x00000000f7a00000,0x00000000f7a00000,0x00000000fb080000)
 ParOldGen       total 268800K, used 105387K [0x00000000c0000000, 0x00000000d0680000, 0x00000000eab00000)
  object space 268800K, 39% used [0x00000000c0000000,0x00000000c66eade8,0x00000000d0680000)
 Metaspace       used 87559K, capacity 92558K, committed 92848K, reserved 1130496K
  class space    used 11530K, capacity 12611K, committed 12720K, reserved 1048576K
}
Event: 44.059 GC heap before
{Heap before GC invocations=20 (full 3):
 PSYoungGen      total 250880K, used 250871K [0x00000000eab00000, 0x00000000ff900000, 0x0000000100000000)
  eden space 211968K, 100% used [0x00000000eab00000,0x00000000f7a00000,0x00000000f7a00000)
  from space 38912K, 99% used [0x00000000fb080000,0x00000000fd67dc70,0x00000000fd680000)
  to   space 55808K, 0% used [0x00000000f7a00000,0x00000000f7a00000,0x00000000fb080000)
 ParOldGen       total 268800K, used 105387K [0x00000000c0000000, 0x00000000d0680000, 0x00000000eab00000)
  object space 268800K, 39% used [0x00000000c0000000,0x00000000c66eade8,0x00000000d0680000)
 Metaspace       used 88731K, capacity 94004K, committed 94256K, reserved 1130496K
  class space    used 11674K, capacity 12756K, committed 12848K, reserved 1048576K
Event: 44.081 GC heap after
Heap after GC invocations=20 (full 3):
 PSYoungGen      total 267776K, used 24684K [0x00000000eab00000, 0x00000000ff900000, 0x0000000100000000)
  eden space 211968K, 0% used [0x00000000eab00000,0x00000000eab00000,0x00000000f7a00000)
  from space 55808K, 44% used [0x00000000f7a00000,0x00000000f921b210,0x00000000fb080000)
  to   space 53248K, 0% used [0x00000000fc500000,0x00000000fc500000,0x00000000ff900000)
 ParOldGen       total 268800K, used 112956K [0x00000000c0000000, 0x00000000d0680000, 0x00000000eab00000)
  object space 268800K, 42% used [0x00000000c0000000,0x00000000c6e4f2d8,0x00000000d0680000)
 Metaspace       used 88731K, capacity 94004K, committed 94256K, reserved 1130496K
  class space    used 11674K, capacity 12756K, committed 12848K, reserved 1048576K
}
Event: 46.474 GC heap before
{Heap before GC invocations=21 (full 3):
 PSYoungGen      total 267776K, used 236652K [0x00000000eab00000, 0x00000000ff900000, 0x0000000100000000)
  eden space 211968K, 100% used [0x00000000eab00000,0x00000000f7a00000,0x00000000f7a00000)
  from space 55808K, 44% used [0x00000000f7a00000,0x00000000f921b210,0x00000000fb080000)
  to   space 53248K, 0% used [0x00000000fc500000,0x00000000fc500000,0x00000000ff900000)
 ParOldGen       total 268800K, used 112956K [0x00000000c0000000, 0x00000000d0680000, 0x00000000eab00000)
  object space 268800K, 42% used [0x00000000c0000000,0x00000000c6e4f2d8,0x00000000d0680000)
 Metaspace       used 89946K, capacity 95316K, committed 95408K, reserved 1132544K
  class space    used 11839K, capacity 12964K, committed 12976K, reserved 1048576K
Event: 46.496 GC heap after
Heap after GC invocations=21 (full 3):
 PSYoungGen      total 285696K, used 40811K [0x00000000eab00000, 0x00000000fff00000, 0x0000000100000000)
  eden space 232448K, 0% used [0x00000000eab00000,0x00000000eab00000,0x00000000f8e00000)
  from space 53248K, 76% used [0x00000000fc500000,0x00000000fecdac20,0x00000000ff900000)
  to   space 56320K, 0% used [0x00000000f8e00000,0x00000000f8e00000,0x00000000fc500000)
 ParOldGen       total 268800K, used 112964K [0x00000000c0000000, 0x00000000d0680000, 0x00000000eab00000)
  object space 268800K, 42% used [0x00000000c0000000,0x00000000c6e512d8,0x00000000d0680000)
 Metaspace       used 89946K, capacity 95316K, committed 95408K, reserved 1132544K
  class space    used 11839K, capacity 12964K, committed 12976K, reserved 1048576K
}

